TN:
SF:src\app\layout.tsx
FN:4,RootLayout
FNF:1
FNH:1
FNDA:1,RootLayout
DA:1,1
DA:2,1
DA:3,1
DA:4,1
LF:4
LH:4
BRF:0
BRH:0
end_of_record
TN:
SF:src\app\page.tsx
FN:1,Home
FNF:1
FNH:1
FNDA:1,Home
DA:1,2
LF:1
LH:1
BRF:0
BRH:0
end_of_record
TN:
SF:src\app\aeronaves\page.tsx
FN:7,AeronavesPage
FN:12,(anonymous_2)
FN:15,(anonymous_3)
FN:17,(anonymous_4)
FN:18,(anonymous_5)
FN:30,(anonymous_6)
FN:31,(anonymous_7)
FN:32,(anonymous_8)
FN:36,(anonymous_9)
FN:37,(anonymous_10)
FN:41,(anonymous_11)
FN:42,(anonymous_12)
FN:57,(anonymous_13)
FN:61,(anonymous_14)
FN:62,(anonymous_15)
FNF:15
FNH:13
FNDA:46,AeronavesPage
FNDA:13,(anonymous_2)
FNDA:8,(anonymous_3)
FNDA:8,(anonymous_4)
FNDA:6,(anonymous_5)
FNDA:6,(anonymous_6)
FNDA:6,(anonymous_7)
FNDA:5,(anonymous_8)
FNDA:0,(anonymous_9)
FNDA:40,(anonymous_10)
FNDA:0,(anonymous_11)
FNDA:40,(anonymous_12)
FNDA:1,(anonymous_13)
FNDA:1,(anonymous_14)
FNDA:2,(anonymous_15)
DA:2,5
DA:3,5
DA:7,8
DA:8,46
DA:9,44
DA:10,44
DA:11,44
DA:12,44
DA:13,13
DA:14,13
DA:15,13
DA:17,44
DA:18,44
DA:19,6
DA:20,6
DA:21,6
DA:22,1
DA:30,6
DA:31,6
DA:32,5
DA:36,0
DA:37,40
DA:41,0
DA:42,40
DA:58,1
DA:61,1
DA:62,2
LF:27
LH:25
BRDA:15,0,0,8
BRDA:15,0,1,5
BRDA:15,1,0,13
BRDA:15,1,1,10
BRDA:21,2,0,5
BRDA:21,2,1,1
BRDA:21,3,0,5
BRDA:21,3,1,1
BRDA:21,4,0,5
BRDA:21,4,1,1
BRDA:22,5,0,1
BRDA:22,5,1,0
BRDA:46,6,0,44
BRDA:56,7,0,44
BRDA:61,8,0,1
BRDA:61,8,1,1
BRDA:62,9,0,1
BRDA:62,9,1,1
BRF:18
BRH:17
end_of_record
TN:
SF:src\app\api\aeronaves\route.ts
FN:7,GET
FN:12,(anonymous_4)
FN:19,POST
FNF:3
FNH:3
FNDA:8,GET
FNDA:88,(anonymous_4)
FNDA:35,POST
DA:1,17
DA:2,17
DA:3,17
DA:5,17
DA:7,9
DA:8,8
DA:12,88
DA:16,8
DA:19,36
DA:20,35
DA:21,35
DA:22,26
DA:23,25
DA:24,25
DA:25,25
DA:26,24
DA:30,24
DA:31,20
DA:32,20
DA:34,10
DA:35,1
LF:21
LH:21
BRDA:23,0,0,0
BRDA:23,0,1,25
BRDA:25,1,0,1
BRDA:25,1,1,24
BRDA:30,2,0,4
BRDA:30,2,1,20
BRDA:30,3,0,24
BRDA:30,3,1,22
BRDA:34,4,0,9
BRDA:34,4,1,1
BRF:10
BRH:9
end_of_record
TN:
SF:src\app\api\naves-nodrizas\route.ts
FN:7,GET
FN:12,POST
FNF:2
FNH:2
FNDA:6,GET
FNDA:41,POST
DA:1,20
DA:2,20
DA:3,20
DA:5,20
DA:7,7
DA:8,6
DA:9,6
DA:12,42
DA:13,41
DA:14,41
DA:15,37
DA:16,36
DA:17,34
DA:18,34
DA:20,5
DA:21,1
LF:16
LH:16
BRDA:16,0,0,2
BRDA:16,0,1,34
BRDA:20,1,0,4
BRDA:20,1,1,1
BRF:4
BRH:4
end_of_record
TN:
SF:src\app\api\pasajeros\route.ts
FN:7,GET
FN:12,POST
FNF:2
FNH:2
FNDA:5,GET
FNDA:31,POST
DA:1,14
DA:2,14
DA:3,14
DA:5,14
DA:7,6
DA:8,5
DA:9,5
DA:12,32
DA:13,31
DA:14,31
DA:15,23
DA:16,22
DA:17,19
DA:18,19
DA:20,9
DA:21,1
LF:16
LH:16
BRDA:16,0,0,3
BRDA:16,0,1,19
BRDA:20,1,0,8
BRDA:20,1,1,1
BRF:4
BRH:4
end_of_record
TN:
SF:src\app\api\pasajeros\asignar\route.ts
FN:7,POST
FNF:1
FNH:1
FNDA:22,POST
DA:1,8
DA:2,8
DA:3,8
DA:5,8
DA:7,22
DA:8,22
DA:9,22
DA:10,20
DA:14,20
DA:15,17
DA:17,17
DA:20,17
DA:22,15
DA:23,15
DA:25,12
DA:29,12
DA:31,2
DA:32,0
LF:18
LH:17
BRDA:14,0,0,3
BRDA:14,0,1,17
BRDA:15,1,0,0
BRDA:15,1,1,17
BRDA:20,2,0,2
BRDA:20,2,1,15
BRDA:23,3,0,3
BRDA:23,3,1,12
BRDA:31,4,0,2
BRDA:31,4,1,0
BRF:10
BRH:8
end_of_record
TN:
SF:src\app\api\pasajeros\bajar\route.ts
FN:7,POST
FNF:1
FNH:1
FNDA:8,POST
DA:1,7
DA:2,7
DA:3,7
DA:5,7
DA:7,8
DA:8,8
DA:9,8
DA:10,6
DA:13,6
DA:15,3
DA:19,3
DA:21,2
DA:22,0
LF:13
LH:12
BRDA:13,0,0,3
BRDA:13,0,1,3
BRDA:21,1,0,2
BRDA:21,1,1,0
BRF:4
BRH:3
end_of_record
TN:
SF:src\app\api\revisiones\route.ts
FN:7,toDate
FN:12,GET
FN:17,(anonymous_5)
FN:20,(anonymous_6)
FN:25,POST
FN:46,(anonymous_8)
FN:50,(anonymous_9)
FNF:7
FNH:7
FNDA:14,toDate
FNDA:6,GET
FNDA:22,(anonymous_5)
FNDA:16,(anonymous_6)
FNDA:21,POST
FNDA:5,(anonymous_8)
FNDA:5,(anonymous_9)
DA:1,9
DA:2,9
DA:3,9
DA:5,9
DA:8,14
DA:9,14
DA:12,7
DA:13,6
DA:17,22
DA:20,16
DA:22,6
DA:25,22
DA:26,21
DA:27,21
DA:28,14
DA:30,14
DA:33,14
DA:35,11
DA:40,11
DA:46,5
DA:50,7
DA:52,11
DA:53,4
LF:23
LH:23
BRDA:33,0,0,3
BRDA:33,0,1,11
BRDA:52,1,0,7
BRDA:52,1,1,4
BRF:4
BRH:4
end_of_record
TN:
SF:src\app\naves-nodrizas\page.tsx
FN:5,NodrizasPage
FN:9,(anonymous_2)
FN:10,(anonymous_3)
FN:11,(anonymous_4)
FN:22,(anonymous_5)
FN:23,(anonymous_6)
FN:32,(anonymous_7)
FNF:7
FNH:7
FNDA:25,NodrizasPage
FNDA:8,(anonymous_2)
FNDA:6,(anonymous_3)
FNDA:4,(anonymous_4)
FNDA:3,(anonymous_5)
FNDA:3,(anonymous_6)
FNDA:6,(anonymous_7)
DA:2,4
DA:3,4
DA:5,6
DA:6,25
DA:7,23
DA:8,23
DA:9,23
DA:10,23
DA:11,23
DA:12,4
DA:13,4
DA:14,4
DA:15,2
DA:22,3
DA:23,3
DA:32,6
LF:16
LH:16
BRDA:14,0,0,2
BRDA:14,0,1,2
BRDA:15,1,0,2
BRDA:15,1,1,0
BRDA:25,2,0,23
BRDA:31,3,0,23
BRF:6
BRH:5
end_of_record
TN:
SF:src\app\pasajeros\page.tsx
FN:6,PasajerosPage
FN:13,(anonymous_2)
FN:17,(anonymous_3)
FN:18,(anonymous_4)
FN:24,(anonymous_5)
FN:29,(anonymous_6)
FN:40,(anonymous_7)
FN:41,(anonymous_8)
FN:49,(anonymous_9)
FN:51,(anonymous_10)
FN:55,(anonymous_11)
FN:57,(anonymous_12)
FN:68,(anonymous_13)
FN:70,(anonymous_14)
FN:74,(anonymous_15)
FN:76,(anonymous_16)
FN:86,(anonymous_17)
FNF:17
FNH:17
FNDA:54,PasajerosPage
FNDA:11,(anonymous_2)
FNDA:7,(anonymous_3)
FNDA:3,(anonymous_4)
FNDA:4,(anonymous_5)
FNDA:4,(anonymous_6)
FNDA:2,(anonymous_7)
FNDA:2,(anonymous_8)
FNDA:3,(anonymous_9)
FNDA:32,(anonymous_10)
FNDA:3,(anonymous_11)
FNDA:35,(anonymous_12)
FNDA:3,(anonymous_13)
FNDA:32,(anonymous_14)
FNDA:3,(anonymous_15)
FNDA:35,(anonymous_16)
FNDA:32,(anonymous_17)
DA:2,5
DA:3,5
DA:6,7
DA:7,54
DA:8,52
DA:9,52
DA:10,52
DA:11,52
DA:12,52
DA:13,52
DA:14,11
DA:15,11
DA:17,52
DA:18,52
DA:19,3
DA:20,3
DA:21,3
DA:22,1
DA:24,52
DA:25,4
DA:26,4
DA:27,4
DA:29,52
DA:30,4
DA:31,4
DA:32,4
DA:40,2
DA:41,2
DA:49,3
DA:51,32
DA:55,3
DA:57,35
DA:68,3
DA:70,32
DA:74,3
DA:76,35
DA:86,32
LF:37
LH:37
BRDA:21,0,0,2
BRDA:21,0,1,1
BRDA:22,1,0,1
BRDA:22,1,1,0
BRDA:27,2,0,1
BRDA:27,2,1,3
BRDA:27,3,0,3
BRDA:27,3,1,0
BRDA:32,4,0,1
BRDA:32,4,1,3
BRDA:32,5,0,3
BRDA:32,5,1,0
BRDA:85,6,0,52
BRDA:89,7,0,52
BRF:14
BRH:11
end_of_record
TN:
SF:src\app\revisiones\page.tsx
FN:10,RevisionesPage
FN:16,(anonymous_2)
FN:20,(anonymous_3)
FN:22,(anonymous_4)
FN:36,(anonymous_5)
FN:37,(anonymous_6)
FN:39,(anonymous_7)
FN:41,(anonymous_8)
FN:44,(anonymous_9)
FN:58,(anonymous_10)
FNF:10
FNH:9
FNDA:37,RevisionesPage
FNDA:10,(anonymous_2)
FNDA:8,(anonymous_3)
FNDA:5,(anonymous_4)
FNDA:5,(anonymous_5)
FNDA:4,(anonymous_6)
FNDA:2,(anonymous_7)
FNDA:16,(anonymous_8)
FNDA:0,(anonymous_9)
FNDA:2,(anonymous_10)
DA:2,5
DA:3,5
DA:8,5
DA:10,8
DA:11,37
DA:12,35
DA:13,35
DA:14,35
DA:16,35
DA:17,10
DA:18,10
DA:20,35
DA:22,35
DA:23,5
DA:24,5
DA:25,5
DA:26,5
DA:27,5
DA:28,3
DA:36,5
DA:37,4
DA:39,2
DA:41,16
DA:44,0
DA:59,2
LF:25
LH:24
BRDA:27,0,0,2
BRDA:27,0,1,3
BRDA:28,1,0,3
BRDA:28,1,1,0
BRDA:46,2,0,35
BRDA:57,3,0,35
BRF:6
BRH:5
end_of_record
TN:
SF:src\components\AeronaveForm.tsx
FN:14,AeronaveForm
FN:21,(anonymous_5)
FN:45,(anonymous_6)
FN:56,(anonymous_7)
FN:68,(anonymous_8)
FN:80,(anonymous_9)
FN:91,(anonymous_10)
FNF:7
FNH:7
FNDA:44,AeronaveForm
FNDA:7,(anonymous_5)
FNDA:11,(anonymous_6)
FNDA:14,(anonymous_7)
FNDA:2,(anonymous_8)
FNDA:6,(anonymous_9)
FNDA:6,(anonymous_10)
DA:2,2
DA:14,3
DA:15,44
DA:16,44
DA:17,44
DA:18,44
DA:19,44
DA:21,44
DA:22,7
DA:23,7
DA:24,2
DA:32,2
DA:33,2
DA:34,2
DA:35,2
DA:36,2
DA:45,11
DA:56,14
DA:68,2
DA:80,6
DA:91,6
LF:21
LH:21
BRDA:23,0,0,5
BRDA:23,0,1,2
BRDA:23,1,0,7
BRDA:23,1,1,5
BRDA:23,1,2,5
BRDA:23,1,3,2
BRDA:23,1,4,2
BRDA:68,2,0,0
BRDA:68,2,1,2
BRF:9
BRH:8
end_of_record
TN:
SF:src\components\Field.tsx
FN:3,Field
FNF:1
FNH:1
FNDA:624,Field
DA:2,23
DA:3,722
LF:2
LH:2
BRF:0
BRH:0
end_of_record
TN:
SF:src\lib\db.ts
FNF:0
FNH:0
DA:1,34
DA:2,34
DA:3,396
DA:4,34
LF:4
LH:4
BRDA:3,0,0,34
BRDA:3,0,1,34
BRDA:4,1,0,34
BRDA:4,1,1,0
BRF:4
BRH:3
end_of_record
TN:
SF:src\lib\domain.ts
FN:1,puedeSubir
FNF:1
FNH:1
FNDA:6,puedeSubir
DA:1,6
DA:3,6
DA:4,4
LF:3
LH:3
BRDA:3,0,0,2
BRDA:3,0,1,4
BRF:2
BRH:2
end_of_record
TN:
SF:src\lib\prisma.ts
FNF:0
FNH:0
DA:2,4
DA:4,4
DA:6,6
DA:7,4
DA:12,4
LF:5
LH:5
BRDA:7,0,0,4
BRDA:7,0,1,2
BRDA:12,1,0,3
BRDA:12,1,1,1
BRF:4
BRH:4
end_of_record
TN:
SF:src\lib\validations.ts
FNF:0
FNH:0
DA:1,37
DA:2,52
DA:3,46
DA:10,37
DA:11,37
DA:12,37
DA:13,37
LF:7
LH:7
BRF:0
BRH:0
end_of_record
